TN:
SF:/Users/lzz/github/element-admin/template/src/components/Search.vue
FN:11,_interopRequireDefault
FN:20,_default
FN:29,_default
FN:42,data
FN:50,beforeCreated
FN:53,mounted
FN:58,fetch
FN:65,(anonymous_8)
FN:70,refresh
FN:74,handleSizeChange
FN:77,handleCurrentChange
FN:81,handleSelectionChange
FN:84,handleSubmit
FN:87,(anonymous_14)
FNF:14
FNH:6
FNDA:1,_interopRequireDefault
FNDA:1,_default
FNDA:1,_default
FNDA:1,data
FNDA:0,beforeCreated
FNDA:1,mounted
FNDA:1,fetch
FNDA:0,(anonymous_8)
FNDA:0,refresh
FNDA:0,handleSizeChange
FNDA:0,handleCurrentChange
FNDA:0,handleSelectionChange
FNDA:0,handleSubmit
FNDA:0,(anonymous_14)
DA:0,1
DA:42,1
DA:51,1
DA:64,1
DA:72,0
DA:75,1
DA:78,1
DA:79,1
DA:81,1
DA:82,0
DA:83,0
DA:87,0
DA:88,0
DA:91,0
DA:95,0
DA:96,0
DA:100,0
DA:103,0
DA:104,0
DA:105,0
DA:106,0
DA:107,0
DA:109,0
LF:23
LH:8
BRDA:11,1,0,1
BRDA:11,1,1,0
BRDA:11,2,0,1
BRDA:11,2,1,1
BRDA:61,3,0,0
BRDA:61,3,1,1
BRDA:61,4,0,1
BRDA:61,4,1,0
BRDA:88,5,0,0
BRDA:88,5,1,0
BRF:10
BRH:6
end_of_record
TN:
SF:/Users/lzz/github/element-admin/template/src/api/request.js
FN:19,_interopRequireDefault
FN:21,handleStatus
FN:24,handleResponse
FN:32,get
FN:35,(anonymous_5)
FN:43,(anonymous_6)
FN:47,post
FN:48,(anonymous_8)
FNF:8
FNH:1
FNDA:3,_interopRequireDefault
FNDA:0,handleStatus
FNDA:0,handleResponse
FNDA:0,get
FNDA:0,(anonymous_5)
FNDA:0,(anonymous_6)
FNDA:0,post
FNDA:0,(anonymous_8)
DA:0,3
DA:1,1
DA:3,1
DA:4,0
DA:6,1
DA:7,0
DA:8,0
DA:10,0
DA:15,0
DA:17,0
DA:18,0
DA:19,0
DA:20,0
DA:23,0
DA:28,0
DA:33,0
DA:38,0
LF:17
LH:4
BRDA:19,1,0,2
BRDA:19,1,1,1
BRDA:19,2,0,3
BRDA:19,2,1,3
BRDA:25,3,0,0
BRDA:25,3,1,0
BRDA:36,4,0,0
BRDA:36,4,1,0
BRDA:38,5,0,0
BRDA:38,5,1,0
BRF:10
BRH:4
end_of_record
TN:
SF:/Users/lzz/github/element-admin/template/src/api/user.js
FN:12,_interopRequireDefault
FN:14,getUserList
FNF:2
FNH:1
FNDA:1,_interopRequireDefault
FNDA:0,getUserList
DA:0,1
DA:1,1
DA:3,1
DA:4,0
LF:4
LH:3
BRDA:12,1,0,1
BRDA:12,1,1,0
BRDA:12,2,0,1
BRDA:12,2,1,1
BRF:4
BRH:4
end_of_record
TN:
SF:/Users/lzz/github/element-admin/template/src/auth.js
FN:7,pretendRequest
FN:8,(anonymous_2)
FN:21,login
FN:30,(anonymous_4)
FN:41,getToken
FN:44,logout
FN:49,loggedIn
FN:52,onChange
FNF:8
FNH:0
FNDA:0,pretendRequest
FNDA:0,(anonymous_2)
FNDA:0,login
FNDA:0,(anonymous_4)
FNDA:0,getToken
FNDA:0,logout
FNDA:0,loggedIn
FNDA:0,onChange
DA:0,1
DA:2,1
DA:3,0
DA:4,0
DA:5,0
DA:10,0
DA:16,0
DA:19,0
DA:20,0
DA:21,0
DA:22,0
DA:23,0
DA:25,0
DA:26,0
DA:27,0
DA:28,0
DA:29,0
DA:31,0
DA:32,0
DA:38,0
DA:42,0
DA:43,0
DA:44,0
DA:48,0
LF:24
LH:2
BRDA:9,1,0,0
BRDA:9,1,1,0
BRDA:9,2,0,0
BRDA:9,2,1,0
BRDA:25,3,0,0
BRDA:25,3,1,0
BRDA:26,4,0,0
BRDA:26,4,1,0
BRDA:31,5,0,0
BRDA:31,5,1,0
BRDA:33,6,0,0
BRDA:33,6,1,0
BRDA:36,7,0,0
BRDA:36,7,1,0
BRDA:46,8,0,0
BRDA:46,8,1,0
BRF:16
BRH:0
end_of_record
TN:
SF:/Users/lzz/github/element-admin/template/src/components/Layout.vue
FN:15,_interopRequireDefault
FN:20,data
FN:27,created
FN:30,(anonymous_4)
FN:36,toggleSider
FN:39,handleDropdown
FNF:6
FNH:1
FNDA:2,_interopRequireDefault
FNDA:0,data
FNDA:0,created
FNDA:0,(anonymous_4)
FNDA:0,toggleSider
FNDA:0,handleDropdown
DA:0,2
DA:48,1
DA:49,1
DA:55,0
DA:61,0
DA:62,0
DA:63,0
DA:68,0
DA:71,0
DA:72,0
DA:73,0
LF:11
LH:3
BRDA:15,1,0,2
BRDA:15,1,1,0
BRDA:15,2,0,2
BRDA:15,2,1,2
BRDA:40,3,0,0
BRDA:40,3,1,0
BRF:6
BRH:4
end_of_record
TN:
SF:/Users/lzz/github/element-admin/template/src/nav-config.js
FNF:0
FNH:0
DA:0,1
DA:1,1
LF:2
LH:2
BRF:0
BRH:0
end_of_record
TN:
SF:/Users/lzz/github/element-admin/template/src/router-config.js
FN:15,_interopRequireDefault
FN:17,loginSuccess
FN:26,getComponent
FN:32,(anonymous_4)
FN:35,(anonymous_5)
FNF:5
FNH:4
FNDA:2,_interopRequireDefault
FNDA:0,loginSuccess
FNDA:1,getComponent
FNDA:1,(anonymous_4)
FNDA:1,(anonymous_5)
DA:0,2
DA:1,1
DA:2,1
DA:4,1
DA:5,0
DA:6,0
DA:10,0
DA:13,1
DA:15,1
DA:20,1
DA:21,1
DA:23,1
DA:24,1
DA:32,1
LF:14
LH:11
BRDA:15,1,0,2
BRDA:15,1,1,0
BRDA:15,2,0,2
BRDA:15,2,1,2
BRDA:18,3,0,0
BRDA:18,3,1,0
BRF:6
BRH:4
end_of_record
TN:
SF:/Users/lzz/github/element-admin/template/src/views/index.vue
FNF:0
FNH:0
DA:0,1
LF:1
LH:1
BRF:0
BRH:0
end_of_record
TN:
SF:/Users/lzz/github/element-admin/template/src/views/login.vue
FN:11,_interopRequireDefault
FN:15,data
FN:29,mouted
FN:36,goDashboard
FN:39,handleSubmit
FN:42,(anonymous_6)
FN:44,(anonymous_7)
FNF:7
FNH:1
FNDA:1,_interopRequireDefault
FNDA:0,data
FNDA:0,mouted
FNDA:0,goDashboard
FNDA:0,handleSubmit
FNDA:0,(anonymous_6)
FNDA:0,(anonymous_7)
DA:0,1
DA:25,1
DA:30,0
DA:46,0
DA:47,0
DA:52,0
DA:54,0
DA:55,0
DA:56,0
DA:57,0
DA:58,0
DA:59,0
LF:12
LH:2
BRDA:11,1,0,1
BRDA:11,1,1,0
BRDA:11,2,0,1
BRDA:11,2,1,1
BRDA:30,3,0,0
BRDA:30,3,1,0
BRDA:43,4,0,0
BRDA:43,4,1,0
BRDA:45,5,0,0
BRDA:45,5,1,0
BRF:10
BRH:4
end_of_record
TN:
SF:/Users/lzz/github/element-admin/template/src/views/user.vue
FN:10,data
FN:29,handleEdit
FN:33,handleDelete
FN:37,handleCheck
FN:40,refresh
FNF:5
FNH:0
FNDA:0,data
FNDA:0,handleEdit
FNDA:0,handleDelete
FNDA:0,handleCheck
FNDA:0,refresh
DA:0,1
DA:76,1
DA:80,0
DA:100,0
DA:101,0
DA:104,0
DA:105,0
DA:108,0
DA:111,0
LF:9
LH:2
BRF:0
BRH:0
end_of_record
